C:\USERS\BENMC\DOCUMENTS\VISUAL STUDIO 2012\PROJECTS\SUDOKU\SUDOKU\DEBUG\SUDOKU.PCH
C:\USERS\BENMC\DOCUMENTS\VISUAL STUDIO 2012\PROJECTS\SUDOKU\SUDOKU\DEBUG\STDAFX.OBJ
C:\USERS\BENMC\DOCUMENTS\VISUAL STUDIO 2012\PROJECTS\SUDOKU\SUDOKU\DEBUG\VC110.PDB
C:\USERS\BENMC\DOCUMENTS\VISUAL STUDIO 2012\PROJECTS\SUDOKU\SUDOKU\DEBUG\BOARD.OBJ
C:\USERS\BENMC\DOCUMENTS\VISUAL STUDIO 2012\PROJECTS\SUDOKU\SUDOKU\DEBUG\DUMBBOARD.OBJ
C:\USERS\BENMC\DOCUMENTS\VISUAL STUDIO 2012\PROJECTS\SUDOKU\SUDOKU\DEBUG\HIGHSCORE.OBJ
C:\USERS\BENMC\DOCUMENTS\VISUAL STUDIO 2012\PROJECTS\SUDOKU\SUDOKU\DEBUG\PIECE.OBJ
C:\USERS\BENMC\DOCUMENTS\VISUAL STUDIO 2012\PROJECTS\SUDOKU\SUDOKU\DEBUG\PIT.OBJ
C:\USERS\BENMC\DOCUMENTS\VISUAL STUDIO 2012\PROJECTS\SUDOKU\SUDOKU\DEBUG\POSITION.OBJ
C:\USERS\BENMC\DOCUMENTS\VISUAL STUDIO 2012\PROJECTS\SUDOKU\SUDOKU\DEBUG\POTENTIALVALUE.OBJ
C:\USERS\BENMC\DOCUMENTS\VISUAL STUDIO 2012\PROJECTS\SUDOKU\SUDOKU\DEBUG\SUDOKU.OBJ
C:\USERS\BENMC\DOCUMENTS\VISUAL STUDIO 2012\PROJECTS\SUDOKU\SUDOKU\DEBUG\UTILS.OBJ
C:\USERS\BENMC\DOCUMENTS\VISUAL STUDIO 2012\PROJECTS\SUDOKU\DEBUG\SUDOKU.ILK
C:\USERS\BENMC\DOCUMENTS\VISUAL STUDIO 2012\PROJECTS\SUDOKU\DEBUG\SUDOKU.EXE
C:\USERS\BENMC\DOCUMENTS\VISUAL STUDIO 2012\PROJECTS\SUDOKU\DEBUG\SUDOKU.PDB
C:\Users\benmc\Documents\Visual Studio 2012\Projects\Sudoku\Sudoku\Debug\Board.obj
C:\Users\benmc\Documents\Visual Studio 2012\Projects\Sudoku\Sudoku\Debug\DumbBoard.obj
C:\Users\benmc\Documents\Visual Studio 2012\Projects\Sudoku\Sudoku\Debug\Highscore.obj
C:\Users\benmc\Documents\Visual Studio 2012\Projects\Sudoku\Sudoku\Debug\Piece.obj
C:\Users\benmc\Documents\Visual Studio 2012\Projects\Sudoku\Sudoku\Debug\PIt.obj
C:\Users\benmc\Documents\Visual Studio 2012\Projects\Sudoku\Sudoku\Debug\Position.obj
C:\Users\benmc\Documents\Visual Studio 2012\Projects\Sudoku\Sudoku\Debug\PotentialValue.obj
C:\Users\benmc\Documents\Visual Studio 2012\Projects\Sudoku\Sudoku\Debug\stdafx.obj
C:\Users\benmc\Documents\Visual Studio 2012\Projects\Sudoku\Sudoku\Debug\Sudoku.obj
C:\Users\benmc\Documents\Visual Studio 2012\Projects\Sudoku\Sudoku\Debug\Utils.obj
C:\Users\benmc\Documents\Visual Studio 2012\Projects\Sudoku\Sudoku\Debug\cl.command.1.tlog
C:\Users\benmc\Documents\Visual Studio 2012\Projects\Sudoku\Sudoku\Debug\CL.read.1.tlog
C:\Users\benmc\Documents\Visual Studio 2012\Projects\Sudoku\Sudoku\Debug\CL.write.1.tlog
C:\Users\benmc\Documents\Visual Studio 2012\Projects\Sudoku\Sudoku\Debug\link-cvtres.read.1.tlog
C:\Users\benmc\Documents\Visual Studio 2012\Projects\Sudoku\Sudoku\Debug\link-cvtres.write.1.tlog
C:\Users\benmc\Documents\Visual Studio 2012\Projects\Sudoku\Sudoku\Debug\link-rc.read.1.tlog
C:\Users\benmc\Documents\Visual Studio 2012\Projects\Sudoku\Sudoku\Debug\link-rc.write.1.tlog
C:\Users\benmc\Documents\Visual Studio 2012\Projects\Sudoku\Sudoku\Debug\link.11324-cvtres.read.1.tlog
C:\Users\benmc\Documents\Visual Studio 2012\Projects\Sudoku\Sudoku\Debug\link.11324-cvtres.write.1.tlog
C:\Users\benmc\Documents\Visual Studio 2012\Projects\Sudoku\Sudoku\Debug\link.11324-rc.read.1.tlog
C:\Users\benmc\Documents\Visual Studio 2012\Projects\Sudoku\Sudoku\Debug\link.11324-rc.write.1.tlog
C:\Users\benmc\Documents\Visual Studio 2012\Projects\Sudoku\Sudoku\Debug\link.11324.read.1.tlog
C:\Users\benmc\Documents\Visual Studio 2012\Projects\Sudoku\Sudoku\Debug\link.11324.write.1.tlog
C:\Users\benmc\Documents\Visual Studio 2012\Projects\Sudoku\Sudoku\Debug\link.11968-cvtres.read.1.tlog
C:\Users\benmc\Documents\Visual Studio 2012\Projects\Sudoku\Sudoku\Debug\link.11968-cvtres.write.1.tlog
C:\Users\benmc\Documents\Visual Studio 2012\Projects\Sudoku\Sudoku\Debug\link.11968-rc.read.1.tlog
C:\Users\benmc\Documents\Visual Studio 2012\Projects\Sudoku\Sudoku\Debug\link.11968-rc.write.1.tlog
C:\Users\benmc\Documents\Visual Studio 2012\Projects\Sudoku\Sudoku\Debug\link.11968.read.1.tlog
C:\Users\benmc\Documents\Visual Studio 2012\Projects\Sudoku\Sudoku\Debug\link.11968.write.1.tlog
C:\Users\benmc\Documents\Visual Studio 2012\Projects\Sudoku\Sudoku\Debug\link.12712-cvtres.read.1.tlog
C:\Users\benmc\Documents\Visual Studio 2012\Projects\Sudoku\Sudoku\Debug\link.12712-cvtres.write.1.tlog
C:\Users\benmc\Documents\Visual Studio 2012\Projects\Sudoku\Sudoku\Debug\link.12712-rc.read.1.tlog
C:\Users\benmc\Documents\Visual Studio 2012\Projects\Sudoku\Sudoku\Debug\link.12712-rc.write.1.tlog
C:\Users\benmc\Documents\Visual Studio 2012\Projects\Sudoku\Sudoku\Debug\link.12712.read.1.tlog
C:\Users\benmc\Documents\Visual Studio 2012\Projects\Sudoku\Sudoku\Debug\link.12712.write.1.tlog
C:\Users\benmc\Documents\Visual Studio 2012\Projects\Sudoku\Sudoku\Debug\link.16060-cvtres.read.1.tlog
C:\Users\benmc\Documents\Visual Studio 2012\Projects\Sudoku\Sudoku\Debug\link.16060-cvtres.write.1.tlog
C:\Users\benmc\Documents\Visual Studio 2012\Projects\Sudoku\Sudoku\Debug\link.16060-rc.read.1.tlog
C:\Users\benmc\Documents\Visual Studio 2012\Projects\Sudoku\Sudoku\Debug\link.16060-rc.write.1.tlog
C:\Users\benmc\Documents\Visual Studio 2012\Projects\Sudoku\Sudoku\Debug\link.16060.read.1.tlog
C:\Users\benmc\Documents\Visual Studio 2012\Projects\Sudoku\Sudoku\Debug\link.16060.write.1.tlog
C:\Users\benmc\Documents\Visual Studio 2012\Projects\Sudoku\Sudoku\Debug\link.1636-cvtres.read.1.tlog
C:\Users\benmc\Documents\Visual Studio 2012\Projects\Sudoku\Sudoku\Debug\link.1636-cvtres.write.1.tlog
C:\Users\benmc\Documents\Visual Studio 2012\Projects\Sudoku\Sudoku\Debug\link.1636-rc.read.1.tlog
C:\Users\benmc\Documents\Visual Studio 2012\Projects\Sudoku\Sudoku\Debug\link.1636-rc.write.1.tlog
C:\Users\benmc\Documents\Visual Studio 2012\Projects\Sudoku\Sudoku\Debug\link.1636.read.1.tlog
C:\Users\benmc\Documents\Visual Studio 2012\Projects\Sudoku\Sudoku\Debug\link.1636.write.1.tlog
C:\Users\benmc\Documents\Visual Studio 2012\Projects\Sudoku\Sudoku\Debug\link.1704-cvtres.read.1.tlog
C:\Users\benmc\Documents\Visual Studio 2012\Projects\Sudoku\Sudoku\Debug\link.1704-cvtres.write.1.tlog
C:\Users\benmc\Documents\Visual Studio 2012\Projects\Sudoku\Sudoku\Debug\link.1704-rc.read.1.tlog
C:\Users\benmc\Documents\Visual Studio 2012\Projects\Sudoku\Sudoku\Debug\link.1704-rc.write.1.tlog
C:\Users\benmc\Documents\Visual Studio 2012\Projects\Sudoku\Sudoku\Debug\link.1704.read.1.tlog
C:\Users\benmc\Documents\Visual Studio 2012\Projects\Sudoku\Sudoku\Debug\link.1704.write.1.tlog
C:\Users\benmc\Documents\Visual Studio 2012\Projects\Sudoku\Sudoku\Debug\link.17052-cvtres.read.1.tlog
C:\Users\benmc\Documents\Visual Studio 2012\Projects\Sudoku\Sudoku\Debug\link.17052-cvtres.write.1.tlog
C:\Users\benmc\Documents\Visual Studio 2012\Projects\Sudoku\Sudoku\Debug\link.17052-rc.read.1.tlog
C:\Users\benmc\Documents\Visual Studio 2012\Projects\Sudoku\Sudoku\Debug\link.17052-rc.write.1.tlog
C:\Users\benmc\Documents\Visual Studio 2012\Projects\Sudoku\Sudoku\Debug\link.17052.read.1.tlog
C:\Users\benmc\Documents\Visual Studio 2012\Projects\Sudoku\Sudoku\Debug\link.17052.write.1.tlog
C:\Users\benmc\Documents\Visual Studio 2012\Projects\Sudoku\Sudoku\Debug\link.17340-cvtres.read.1.tlog
C:\Users\benmc\Documents\Visual Studio 2012\Projects\Sudoku\Sudoku\Debug\link.17340-cvtres.write.1.tlog
C:\Users\benmc\Documents\Visual Studio 2012\Projects\Sudoku\Sudoku\Debug\link.17340-rc.read.1.tlog
C:\Users\benmc\Documents\Visual Studio 2012\Projects\Sudoku\Sudoku\Debug\link.17340-rc.write.1.tlog
C:\Users\benmc\Documents\Visual Studio 2012\Projects\Sudoku\Sudoku\Debug\link.17340.read.1.tlog
C:\Users\benmc\Documents\Visual Studio 2012\Projects\Sudoku\Sudoku\Debug\link.17340.write.1.tlog
C:\Users\benmc\Documents\Visual Studio 2012\Projects\Sudoku\Sudoku\Debug\link.4076-cvtres.read.1.tlog
C:\Users\benmc\Documents\Visual Studio 2012\Projects\Sudoku\Sudoku\Debug\link.4076-cvtres.write.1.tlog
C:\Users\benmc\Documents\Visual Studio 2012\Projects\Sudoku\Sudoku\Debug\link.4076-rc.read.1.tlog
C:\Users\benmc\Documents\Visual Studio 2012\Projects\Sudoku\Sudoku\Debug\link.4076-rc.write.1.tlog
C:\Users\benmc\Documents\Visual Studio 2012\Projects\Sudoku\Sudoku\Debug\link.4076.read.1.tlog
C:\Users\benmc\Documents\Visual Studio 2012\Projects\Sudoku\Sudoku\Debug\link.4076.write.1.tlog
C:\Users\benmc\Documents\Visual Studio 2012\Projects\Sudoku\Sudoku\Debug\link.4696-cvtres.read.1.tlog
C:\Users\benmc\Documents\Visual Studio 2012\Projects\Sudoku\Sudoku\Debug\link.4696-cvtres.write.1.tlog
C:\Users\benmc\Documents\Visual Studio 2012\Projects\Sudoku\Sudoku\Debug\link.4696-rc.read.1.tlog
C:\Users\benmc\Documents\Visual Studio 2012\Projects\Sudoku\Sudoku\Debug\link.4696-rc.write.1.tlog
C:\Users\benmc\Documents\Visual Studio 2012\Projects\Sudoku\Sudoku\Debug\link.4696.read.1.tlog
C:\Users\benmc\Documents\Visual Studio 2012\Projects\Sudoku\Sudoku\Debug\link.4696.write.1.tlog
C:\Users\benmc\Documents\Visual Studio 2012\Projects\Sudoku\Sudoku\Debug\link.5848-cvtres.read.1.tlog
C:\Users\benmc\Documents\Visual Studio 2012\Projects\Sudoku\Sudoku\Debug\link.5848-cvtres.write.1.tlog
C:\Users\benmc\Documents\Visual Studio 2012\Projects\Sudoku\Sudoku\Debug\link.5848-rc.read.1.tlog
C:\Users\benmc\Documents\Visual Studio 2012\Projects\Sudoku\Sudoku\Debug\link.5848-rc.write.1.tlog
C:\Users\benmc\Documents\Visual Studio 2012\Projects\Sudoku\Sudoku\Debug\link.5848.read.1.tlog
C:\Users\benmc\Documents\Visual Studio 2012\Projects\Sudoku\Sudoku\Debug\link.5848.write.1.tlog
C:\Users\benmc\Documents\Visual Studio 2012\Projects\Sudoku\Sudoku\Debug\link.command.1.tlog
C:\Users\benmc\Documents\Visual Studio 2012\Projects\Sudoku\Sudoku\Debug\link.read.1.tlog
C:\Users\benmc\Documents\Visual Studio 2012\Projects\Sudoku\Sudoku\Debug\link.write.1.tlog
C:\Users\benmc\Documents\Visual Studio 2012\Projects\Sudoku\Sudoku\Debug\Sudoku.pch
C:\Users\benmc\Documents\Visual Studio 2012\Projects\Sudoku\Sudoku\Debug\vc110.idb
C:\Users\benmc\Documents\Visual Studio 2012\Projects\Sudoku\Sudoku\Debug\vc110.pdb
C:\Users\benmc\Documents\Visual Studio 2012\Projects\Sudoku\Debug\Sudoku.pdb
C:\Users\benmc\Documents\Visual Studio 2012\Projects\Sudoku\Debug\Sudoku.exe
C:\Users\benmc\Documents\Visual Studio 2012\Projects\Sudoku\Debug\Sudoku.ilk
